[debug] [2023-05-02T16:16:52.151Z] ----------------------------------------------------------------------
[debug] [2023-05-02T16:16:52.152Z] Command:       C:\Program Files\nodejs\node.exe C:\Users\sunra\AppData\Roaming\npm\node_modules\firebase-tools\lib\bin\firebase.js init
[debug] [2023-05-02T16:16:52.153Z] CLI Version:   11.29.1
[debug] [2023-05-02T16:16:52.153Z] Platform:      win32
[debug] [2023-05-02T16:16:52.154Z] Node Version:  v18.13.0
[debug] [2023-05-02T16:16:52.155Z] Time:          Tue May 02 2023 21:46:52 GMT+0530 (India Standard Time)
[debug] [2023-05-02T16:16:52.155Z] ----------------------------------------------------------------------
[debug] 
[debug] [2023-05-02T16:16:52.163Z] > command requires scopes: ["email","openid","https://www.googleapis.com/auth/cloudplatformprojects.readonly","https://www.googleapis.com/auth/firebase","https://www.googleapis.com/auth/cloud-platform"]
[debug] [2023-05-02T16:16:52.163Z] > authorizing via signed-in user (sunraja1996@gmail.com)
[info] 
     ######## #### ########  ######## ########     ###     ######  ########
     ##        ##  ##     ## ##       ##     ##  ##   ##  ##       ##
     ######    ##  ########  ######   ########  #########  ######  ######
     ##        ##  ##    ##  ##       ##     ## ##     ##       ## ##
     ##       #### ##     ## ######## ########  ##     ##  ######  ########

You're about to initialize a Firebase project in this directory:

  D:\Guvi IIT\Projects\clark-master\Shanmugaraja-Portfolio

[info] 
=== Project Setup
[info] 
[info] First, let's associate this project directory with a Firebase project.
[info] You can create multiple project aliases by running firebase use --add, 
[info] but for now we'll just set up a default project.
[info] 
[debug] [2023-05-02T16:17:05.694Z] >>> [apiv2][query] GET https://firebase.googleapis.com/v1beta1/projects pageSize=100
[debug] [2023-05-02T16:17:06.798Z] <<< [apiv2][status] GET https://firebase.googleapis.com/v1beta1/projects 200
[debug] [2023-05-02T16:17:06.798Z] <<< [apiv2][body] GET https://firebase.googleapis.com/v1beta1/projects [omitted]
[info] i  Using project shanmugaraja-e69c2 (Shanmugaraja) 
[info] 
=== Hosting Setup
[info] 
[info] Your public directory is the folder (relative to your project directory) that
[info] will contain Hosting assets to be uploaded with firebase deploy. If you
[info] have a build process for your assets, use your build's output directory.
[info] 
[info] +  Wrote y/404.html 
[debug] [2023-05-02T16:18:59.785Z] >>> [apiv2][query] GET https://www.gstatic.com/firebasejs/releases.json [none]
[debug] [2023-05-02T16:19:00.064Z] <<< [apiv2][status] GET https://www.gstatic.com/firebasejs/releases.json 200
[debug] [2023-05-02T16:19:00.064Z] <<< [apiv2][body] GET https://www.gstatic.com/firebasejs/releases.json {"current":{"version":"9.21.0","browserURL":"https://www.gstatic.com/firebasejs/9.21.0/firebase.js","packageURL":"https://www.gstatic.com/firebasejs/9.21.0/firebase.tgz"},"live":{"version":"9.21","browserURL":"https://www.gstatic.com/firebasejs/live/9.21/firebase.js","packageURL":"https://www.gstatic.com/firebasejs/live/9.21/firebase.tgz"},"components":{"analytics":"https://www.gstatic.com/firebasejs/9.21.0/firebase-analytics.js","app":"https://www.gstatic.com/firebasejs/9.21.0/firebase-app.js","app-check":"https://www.gstatic.com/firebasejs/9.21.0/firebase-app-check.js","auth":"https://www.gstatic.com/firebasejs/9.21.0/firebase-auth.js","auth/cordova":"https://www.gstatic.com/firebasejs/9.21.0/firebase-auth/cordova.js","auth/react-native":"https://www.gstatic.com/firebasejs/9.21.0/firebase-auth/react-native.js","functions":"https://www.gstatic.com/firebasejs/9.21.0/firebase-functions.js","firestore":"https://www.gstatic.com/firebasejs/9.21.0/firebase-firestore.js","firestore/lite":"https://www.gstatic.com/firebasejs/9.21.0/firebase-firestore/lite.js","installations":"https://www.gstatic.com/firebasejs/9.21.0/firebase-installations.js","storage":"https://www.gstatic.com/firebasejs/9.21.0/firebase-storage.js","performance":"https://www.gstatic.com/firebasejs/9.21.0/firebase-performance.js","remote-config":"https://www.gstatic.com/firebasejs/9.21.0/firebase-remote-config.js","messaging":"https://www.gstatic.com/firebasejs/9.21.0/firebase-messaging.js","messaging/sw":"https://www.gstatic.com/firebasejs/9.21.0/firebase-messaging/sw.js","database":"https://www.gstatic.com/firebasejs/9.21.0/firebase-database.js","firestore.memory":"https://www.gstatic.com/firebasejs/9.21.0/firebase-firestore.memory.js"}}
[info] +  Wrote y/index.html 
[info] 
[info] i  Didn't detect a .git folder. Assuming D:\Guvi IIT\Projects\clark-master\Shanmugaraja-Portfolio is the project root. 
[info] i  Authorizing with GitHub to upload your service account to a GitHub repository's secrets store. 
[info] 
[info] Visit this URL on this device to log in:
[info] https://github.com/login/oauth/authorize?client_id=89cf50f02ac6aaed3484&state=455264391&redirect_uri=http%3A%2F%2Flocalhost%3A9005&scope=read%3Auser%20repo%20public_repo
[info] 
[info] Waiting for authentication...
[debug] [2023-05-02T16:19:12.273Z] >>> [apiv2][query] POST https://github.com/login/oauth/access_token [none]
[debug] [2023-05-02T16:19:12.274Z] >>> [apiv2][body] POST https://github.com/login/oauth/access_token [stream]
[debug] [2023-05-02T16:19:12.751Z] <<< [apiv2][status] POST https://github.com/login/oauth/access_token 200
[debug] [2023-05-02T16:19:12.752Z] <<< [apiv2][body] POST https://github.com/login/oauth/access_token {"access_token":"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","token_type":"bearer","scope":"read:user,repo"}
[debug] [2023-05-02T16:19:12.767Z] >>> [apiv2][query] GET https://api.github.com/user [none]
[debug] [2023-05-02T16:19:13.218Z] <<< [apiv2][status] GET https://api.github.com/user 200
[debug] [2023-05-02T16:19:13.219Z] <<< [apiv2][body] GET https://api.github.com/user {"login":"sunraja1996","id":102361686,"node_id":"U_kgDOBhnqVg","avatar_url":"https://avatars.githubusercontent.com/u/102361686?v=4","gravatar_id":"","url":"https://api.github.com/users/sunraja1996","html_url":"https://github.com/sunraja1996","followers_url":"https://api.github.com/users/sunraja1996/followers","following_url":"https://api.github.com/users/sunraja1996/following{/other_user}","gists_url":"https://api.github.com/users/sunraja1996/gists{/gist_id}","starred_url":"https://api.github.com/users/sunraja1996/starred{/owner}{/repo}","subscriptions_url":"https://api.github.com/users/sunraja1996/subscriptions","organizations_url":"https://api.github.com/users/sunraja1996/orgs","repos_url":"https://api.github.com/users/sunraja1996/repos","events_url":"https://api.github.com/users/sunraja1996/events{/privacy}","received_events_url":"https://api.github.com/users/sunraja1996/received_events","type":"User","site_admin":false,"name":"Shanmugaraja Gajendran","company":null,"blog":"","location":null,"email":null,"hireable":null,"bio":"Full-Stack Developer","twitter_username":null,"public_repos":72,"public_gists":2,"followers":0,"following":0,"created_at":"2022-03-25T11:35:39Z","updated_at":"2023-05-01T18:56:03Z","private_gists":0,"total_private_repos":1,"owned_private_repos":1,"disk_usage":63266,"collaborators":0,"two_factor_authentication":false,"plan":{"name":"free","space":976562499,"collaborators":0,"private_repos":10000}}
[info] 
[info] +  Success! Logged into GitHub as sunraja1996 
[info] 
